<?xml version="1.0" encoding="UTF-8"?>
<!-- Generated by org.testng.reporters.JUnitReportReporter -->
<testsuite hostname="DESKTOP-MBF0JO6" name="Test_Package.Swap_Login_Test1" tests="1" failures="0" timestamp="6 Jul 2024 16:21:22 GMT" time="13.811" errors="0">
  <testcase name="Swap_Login_Page1" time="13.811" classname="Test_Package.Swap_Login_Test1"/>
</testsuite> <!-- Test_Package.Swap_Login_Test1 -->
