<?xml version="1.0" encoding="UTF-8"?>
<!-- Generated by org.testng.reporters.JUnitReportReporter -->
<testsuite hostname="DESKTOP-MBF0JO6" name="Test_Package.Para_Bank_Test" tests="1" failures="0" timestamp="9 Jul 2024 05:48:00 GMT" time="11.277" errors="0">
  <testcase name="Para_Bank_Page" time="11.277" classname="Test_Package.Para_Bank_Test"/>
</testsuite> <!-- Test_Package.Para_Bank_Test -->
